Arguments: 
  C:\MyPrograms\nvm\v16.14.2\node.exe C:\Users\Vaibhav\.node\corepack\yarn\1.22.15\bin\yarn.js

PATH: 
  C:\Program Files\Lapce\;C:\Program Files\Common Files\Oracle\Java\javapath;C:\Windows\system32;C:\Windows;C:\Windows\System32\Wbem;C:\Windows\System32\WindowsPowerShell\v1.0\;C:\Windows\System32\OpenSSH\;C:\Program Files (x86)\NVIDIA Corporation\PhysX\Common;C:\Program Files\NVIDIA Corporation\NVIDIA NvDLISR;C:\MyPrograms\nvm;C:\Program Files\nodejs;C:\WINDOWS\system32;C:\WINDOWS;C:\WINDOWS\System32\Wbem;C:\WINDOWS\System32\WindowsPowerShell\v1.0\;C:\WINDOWS\System32\OpenSSH\;C:\Program Files\nodejs\;C:\MyPrograms\bin;C:\ProgramData\chocolatey\bin;C:\MyPrograms\Amazon\AWSCLIV2\;C:\Strawberry\c\bin;C:\Strawberry\perl\site\bin;C:\Strawberry\perl\bin;C:\Program Files\PuTTY\;C:\MyPrograms\Git\cmd;C:\Program Files\nu\bin\;C:\Program Files\starship\bin\;C:\Program Files\PowerShell\7\;C:\Program Files\Docker\Docker\resources\bin;C:\Users\Vaibhav\AppData\Local\Programs\Python\Python311\Scripts\;C:\Users\Vaibhav\AppData\Local\Programs\Python\Python311\;C:\Users\Vaibhav\.console-ninja\.bin;C:\Users\Vaibhav\.cargo\bin;C:\Users\Vaibhav\AppData\Local\pnpm;C:\Users\Vaibhav\.local\share\solana\install\active_release\bin;F:\Anaconda;F:\Anaconda\Library\mingw-w64\bin;F:\Anaconda\Library\usr\bin;F:\Anaconda\Library\bin;F:\Anaconda\Scripts;C:\MyPrograms\nvm\v16.14.2;C:\MyPrograms\Python\Python310\;C:\Users\Vaibhav\AppData\Local\Microsoft\WindowsApps;C:\MyPrograms\Microsoft VS Code\bin;C:\MyPrograms\nvm;C:\Program Files\nodejs;C:\MyPrograms\mongosh\;C:\MyPrograms\nodejs;C:\Users\Vaibhav\AppData\Roaming\npm;C:\MyPrograms\heroku\bin;C:\MyPrograms\apache-maven-3.8.5\bin;C:\Users\Vaibhav\go\bin;C:\MyPrograms\Postgres\14\bin;C:\MyPrograms\Amazon\AWSCLIV2;C:\MyPrograms\WebStorm 222.2964.53\bin;;C:\MyPrograms\IntelliJ IDEA Community Edition 2022.1.4\bin;;C:\MyPrograms\MinGW\bin;F:\AndroidSDK\platform-tools;C:\Users\Vaibhav\AppData\Local\bin\NASM;D:\Vegavid\POC\MPC\openssl\include;C:\Users\Vaibhav\AppData\Local\pnpm;

Yarn version: 
  1.22.15

Node version: 
  16.14.2

Platform: 
  win32 x64

Trace: 
  Error: EPERM: operation not permitted, copyfile 'C:\Users\Vaibhav\AppData\Local\Yarn\Cache\v6\npm-es5-ext-0.10.62-5e6adc19a6da524bf3d1e02bbc8960e5eb49a9a5-integrity\node_modules\es5-ext\_postinstall.js' -> 'C:\Users\Vaibhav\Downloads\dint-nodejs-master\node_modules\es5-ext\_postinstall.js'

npm manifest: 
  {
    "name": "dintsignature",
    "version": "1.0.0",
    "description": "",
    "main": "index.js",
    "scripts": {
      "dev": "nodemon app.js",
      "test": "jest"
    },
    "author": "",
    "license": "ISC",
    "dependencies": {
      "@stripe/stripe-js": "^1.46.0",
      "axios": "^1.3.5",
      "body-parser": "^1.20.1",
      "cors": "^2.8.5",
      "dotenv": "^16.0.3",
      "ethers": "^5.7.2",
      "express": "^4.18.2",
      "express-winston": "^4.2.0",
      "fernet": "^0.4.0",
      "log": "^6.3.1",
      "log-node": "^8.0.3",
      "micro": "^10.0.1",
      "nodemon": "^2.0.20",
      "pg": "^8.8.0",
      "redis": "^4.6.5",
      "stripe": "^11.10.0",
      "web3": "^1.8.1",
      "winston": "^3.8.2"
    },
    "devDependencies": {
      "jest": "^29.5.0"
    }
  }

yarn manifest: 
  No manifest

Lockfile: 
  No lockfile
